<?xml version="1.0" encoding="UTF-8"?>
<coverage generated="1678035905040" clover="3.2.0">
  <project timestamp="1678035905040" name="All files">
    <metrics statements="68" coveredstatements="44" conditionals="4" coveredconditionals="4" methods="26" coveredmethods="14" elements="98" coveredelements="62" complexity="0" loc="68" ncloc="68" packages="9" files="16" classes="16"/>
    <package name="src">
      <metrics statements="13" coveredstatements="0" conditionals="0" coveredconditionals="0" methods="7" coveredmethods="0"/>
      <file name="App.tsx" path="C:\ProjetoRocket\dt.money\dt.money-main\src\App.tsx">
        <metrics statements="4" coveredstatements="0" conditionals="0" coveredconditionals="0" methods="3" coveredmethods="0"/>
        <line num="9" count="0" type="stmt"/>
        <line num="12" count="0" type="stmt"/>
        <line num="16" count="0" type="stmt"/>
        <line num="19" count="0" type="stmt"/>
      </file>
      <file name="index.tsx" path="C:\ProjetoRocket\dt.money\dt.money-main\src\index.tsx">
        <metrics statements="9" coveredstatements="0" conditionals="0" coveredconditionals="0" methods="4" coveredmethods="0"/>
        <line num="6" count="0" type="stmt"/>
        <line num="12" count="0" type="stmt"/>
        <line num="35" count="0" type="stmt"/>
        <line num="36" count="0" type="stmt"/>
        <line num="37" count="0" type="stmt"/>
        <line num="40" count="0" type="stmt"/>
        <line num="41" count="0" type="stmt"/>
        <line num="42" count="0" type="stmt"/>
        <line num="48" count="0" type="stmt"/>
      </file>
      <file name="setupTest.ts" path="C:\ProjetoRocket\dt.money\dt.money-main\src\setupTest.ts">
        <metrics statements="0" coveredstatements="0" conditionals="0" coveredconditionals="0" methods="0" coveredmethods="0"/>
      </file>
    </package>
    <package name="src.components.Dashboard">
      <metrics statements="2" coveredstatements="2" conditionals="0" coveredconditionals="0" methods="1" coveredmethods="1"/>
      <file name="index.tsx" path="C:\ProjetoRocket\dt.money\dt.money-main\src\components\Dashboard\index.tsx">
        <metrics statements="1" coveredstatements="1" conditionals="0" coveredconditionals="0" methods="1" coveredmethods="1"/>
        <line num="6" count="1" type="stmt"/>
      </file>
      <file name="styles.ts" path="C:\ProjetoRocket\dt.money\dt.money-main\src\components\Dashboard\styles.ts">
        <metrics statements="1" coveredstatements="1" conditionals="0" coveredconditionals="0" methods="0" coveredmethods="0"/>
        <line num="3" count="1" type="stmt"/>
      </file>
    </package>
    <package name="src.components.Header">
      <metrics statements="3" coveredstatements="3" conditionals="0" coveredconditionals="0" methods="1" coveredmethods="1"/>
      <file name="index.tsx" path="C:\ProjetoRocket\dt.money\dt.money-main\src\components\Header\index.tsx">
        <metrics statements="1" coveredstatements="1" conditionals="0" coveredconditionals="0" methods="1" coveredmethods="1"/>
        <line num="9" count="2" type="stmt"/>
      </file>
      <file name="styles.ts" path="C:\ProjetoRocket\dt.money\dt.money-main\src\components\Header\styles.ts">
        <metrics statements="2" coveredstatements="2" conditionals="0" coveredconditionals="0" methods="0" coveredmethods="0"/>
        <line num="3" count="1" type="stmt"/>
        <line num="7" count="1" type="stmt"/>
      </file>
    </package>
    <package name="src.components.NewTransactionModal">
      <metrics statements="23" coveredstatements="23" conditionals="2" coveredconditionals="2" methods="8" coveredmethods="8"/>
      <file name="index.tsx" path="C:\ProjetoRocket\dt.money\dt.money-main\src\components\NewTransactionModal\index.tsx">
        <metrics statements="18" coveredstatements="18" conditionals="0" coveredconditionals="0" methods="7" coveredmethods="7"/>
        <line num="16" count="21" type="stmt"/>
        <line num="18" count="21" type="stmt"/>
        <line num="19" count="21" type="stmt"/>
        <line num="20" count="21" type="stmt"/>
        <line num="21" count="21" type="stmt"/>
        <line num="24" count="2" type="stmt"/>
        <line num="25" count="2" type="stmt"/>
        <line num="31" count="2" type="stmt"/>
        <line num="32" count="2" type="stmt"/>
        <line num="33" count="2" type="stmt"/>
        <line num="34" count="2" type="stmt"/>
        <line num="35" count="2" type="stmt"/>
        <line num="38" count="21" type="stmt"/>
        <line num="58" count="2" type="stmt"/>
        <line num="65" count="2" type="stmt"/>
        <line num="70" count="1" type="stmt"/>
        <line num="80" count="1" type="stmt"/>
        <line num="92" count="2" type="stmt"/>
      </file>
      <file name="styles.ts" path="C:\ProjetoRocket\dt.money\dt.money-main\src\components\NewTransactionModal\styles.ts">
        <metrics statements="5" coveredstatements="5" conditionals="2" coveredconditionals="2" methods="1" coveredmethods="1"/>
        <line num="4" count="1" type="stmt"/>
        <line num="55" count="1" type="stmt"/>
        <line num="66" count="1" type="stmt"/>
        <line num="71" count="1" type="stmt"/>
        <line num="76" count="36" type="cond" truecount="2" falsecount="0"/>
      </file>
    </package>
    <package name="src.components.Summary">
      <metrics statements="10" coveredstatements="10" conditionals="2" coveredconditionals="2" methods="2" coveredmethods="2"/>
      <file name="index.tsx" path="C:\ProjetoRocket\dt.money\dt.money-main\src\components\Summary\index.tsx">
        <metrics statements="9" coveredstatements="9" conditionals="2" coveredconditionals="2" methods="2" coveredmethods="2"/>
        <line num="8" count="1" type="stmt"/>
        <line num="10" count="1" type="stmt"/>
        <line num="11" count="2" type="cond" truecount="2" falsecount="0"/>
        <line num="12" count="1" type="stmt"/>
        <line num="13" count="1" type="stmt"/>
        <line num="15" count="1" type="stmt"/>
        <line num="16" count="1" type="stmt"/>
        <line num="18" count="2" type="stmt"/>
        <line num="25" count="1" type="stmt"/>
      </file>
      <file name="styles.ts" path="C:\ProjetoRocket\dt.money\dt.money-main\src\components\Summary\styles.ts">
        <metrics statements="1" coveredstatements="1" conditionals="0" coveredconditionals="0" methods="0" coveredmethods="0"/>
        <line num="3" count="1" type="stmt"/>
      </file>
    </package>
    <package name="src.components.TransactionTable">
      <metrics statements="4" coveredstatements="4" conditionals="0" coveredconditionals="0" methods="2" coveredmethods="2"/>
      <file name="index.tsx" path="C:\ProjetoRocket\dt.money\dt.money-main\src\components\TransactionTable\index.tsx">
        <metrics statements="3" coveredstatements="3" conditionals="0" coveredconditionals="0" methods="2" coveredmethods="2"/>
        <line num="5" count="2" type="stmt"/>
        <line num="7" count="2" type="stmt"/>
        <line num="20" count="4" type="stmt"/>
      </file>
      <file name="styles.ts" path="C:\ProjetoRocket\dt.money\dt.money-main\src\components\TransactionTable\styles.ts">
        <metrics statements="1" coveredstatements="1" conditionals="0" coveredconditionals="0" methods="0" coveredmethods="0"/>
        <line num="3" count="1" type="stmt"/>
      </file>
    </package>
    <package name="src.hooks">
      <metrics statements="11" coveredstatements="1" conditionals="0" coveredconditionals="0" methods="5" coveredmethods="0"/>
      <file name="useTransactions.tsx" path="C:\ProjetoRocket\dt.money\dt.money-main\src\hooks\useTransactions.tsx">
        <metrics statements="11" coveredstatements="1" conditionals="0" coveredconditionals="0" methods="5" coveredmethods="0"/>
        <line num="24" count="2" type="stmt"/>
        <line num="29" count="0" type="stmt"/>
        <line num="31" count="0" type="stmt"/>
        <line num="32" count="0" type="stmt"/>
        <line num="33" count="0" type="stmt"/>
        <line num="37" count="0" type="stmt"/>
        <line num="41" count="0" type="stmt"/>
        <line num="42" count="0" type="stmt"/>
        <line num="48" count="0" type="stmt"/>
        <line num="57" count="0" type="stmt"/>
        <line num="59" count="0" type="stmt"/>
      </file>
    </package>
    <package name="src.services">
      <metrics statements="1" coveredstatements="1" conditionals="0" coveredconditionals="0" methods="0" coveredmethods="0"/>
      <file name="api.ts" path="C:\ProjetoRocket\dt.money\dt.money-main\src\services\api.ts">
        <metrics statements="1" coveredstatements="1" conditionals="0" coveredconditionals="0" methods="0" coveredmethods="0"/>
        <line num="3" count="2" type="stmt"/>
      </file>
    </package>
    <package name="src.styles">
      <metrics statements="1" coveredstatements="0" conditionals="0" coveredconditionals="0" methods="0" coveredmethods="0"/>
      <file name="global.ts" path="C:\ProjetoRocket\dt.money\dt.money-main\src\styles\global.ts">
        <metrics statements="1" coveredstatements="0" conditionals="0" coveredconditionals="0" methods="0" coveredmethods="0"/>
        <line num="3" count="0" type="stmt"/>
      </file>
    </package>
  </project>
</coverage>
