{"C:\\ProjetoRocket\\dt.money\\dt.money-main\\src\\App.tsx": {"path":"C:\\ProjetoRocket\\dt.money\\dt.money-main\\src\\App.tsx","statementMap":{"0":{"start":{"line":9,"column":68},"end":{"line":9,"column":83}},"1":{"start":{"line":12,"column":4},"end":{"line":12,"column":39}},"2":{"start":{"line":16,"column":4},"end":{"line":16,"column":40}},"3":{"start":{"line":19,"column":2},"end":{"line":29,"column":4}}},"fnMap":{"0":{"name":"App","decl":{"start":{"line":8,"column":16},"end":{"line":8,"column":19}},"loc":{"start":{"line":8,"column":22},"end":{"line":30,"column":1}},"line":8},"1":{"name":"handleOpenNewTransactionModal","decl":{"start":{"line":11,"column":11},"end":{"line":11,"column":40}},"loc":{"start":{"line":11,"column":43},"end":{"line":13,"column":3}},"line":11},"2":{"name":"handleCloseNewTransactionModal","decl":{"start":{"line":15,"column":11},"end":{"line":15,"column":41}},"loc":{"start":{"line":15,"column":44},"end":{"line":17,"column":3}},"line":15}},"branchMap":{},"s":{"0":0,"1":0,"2":0,"3":0},"f":{"0":0,"1":0,"2":0},"b":{}}
,"C:\\ProjetoRocket\\dt.money\\dt.money-main\\src\\index.tsx": {"path":"C:\\ProjetoRocket\\dt.money\\dt.money-main\\src\\index.tsx","statementMap":{"0":{"start":{"line":6,"column":0},"end":{"line":46,"column":2}},"1":{"start":{"line":12,"column":4},"end":{"line":31,"column":6}},"2":{"start":{"line":35,"column":4},"end":{"line":35,"column":27}},"3":{"start":{"line":36,"column":4},"end":{"line":38,"column":6}},"4":{"start":{"line":37,"column":6},"end":{"line":37,"column":43}},"5":{"start":{"line":40,"column":4},"end":{"line":43,"column":6}},"6":{"start":{"line":41,"column":19},"end":{"line":41,"column":50}},"7":{"start":{"line":42,"column":6},"end":{"line":42,"column":47}},"8":{"start":{"line":48,"column":0},"end":{"line":53,"column":2}}},"fnMap":{"0":{"name":"(anonymous_0)","decl":{"start":{"line":11,"column":2},"end":{"line":11,"column":3}},"loc":{"start":{"line":11,"column":16},"end":{"line":32,"column":3}},"line":11},"1":{"name":"(anonymous_1)","decl":{"start":{"line":34,"column":2},"end":{"line":34,"column":3}},"loc":{"start":{"line":34,"column":11},"end":{"line":45,"column":3}},"line":34},"2":{"name":"(anonymous_2)","decl":{"start":{"line":36,"column":30},"end":{"line":36,"column":31}},"loc":{"start":{"line":36,"column":36},"end":{"line":38,"column":5}},"line":36},"3":{"name":"(anonymous_3)","decl":{"start":{"line":40,"column":31},"end":{"line":40,"column":32}},"loc":{"start":{"line":40,"column":52},"end":{"line":43,"column":5}},"line":40}},"branchMap":{},"s":{"0":0,"1":0,"2":0,"3":0,"4":0,"5":0,"6":0,"7":0,"8":0},"f":{"0":0,"1":0,"2":0,"3":0},"b":{}}
,"C:\\ProjetoRocket\\dt.money\\dt.money-main\\src\\setupTest.ts": {"path":"C:\\ProjetoRocket\\dt.money\\dt.money-main\\src\\setupTest.ts","statementMap":{},"fnMap":{},"branchMap":{},"s":{},"f":{},"b":{}}
,"C:\\ProjetoRocket\\dt.money\\dt.money-main\\src\\components\\Dashboard\\index.tsx": {"path":"C:\\ProjetoRocket\\dt.money\\dt.money-main\\src\\components\\Dashboard\\index.tsx","statementMap":{"0":{"start":{"line":6,"column":2},"end":{"line":11,"column":3}}},"fnMap":{"0":{"name":"Dashboard","decl":{"start":{"line":5,"column":16},"end":{"line":5,"column":25}},"loc":{"start":{"line":5,"column":28},"end":{"line":12,"column":1}},"line":5}},"branchMap":{},"s":{"0":1},"f":{"0":1},"b":{},"_coverageSchema":"1a1c01bbd47fc00a2c39e90264f33305004495a9","hash":"2d7d24e0273db9b7cd961f619544687122b4eca9"}
,"C:\\ProjetoRocket\\dt.money\\dt.money-main\\src\\components\\Dashboard\\styles.ts": {"path":"C:\\ProjetoRocket\\dt.money\\dt.money-main\\src\\components\\Dashboard\\styles.ts","statementMap":{"0":{"start":{"line":3,"column":25},"end":{"line":7,"column":1}}},"fnMap":{},"branchMap":{},"s":{"0":1},"f":{},"b":{},"_coverageSchema":"1a1c01bbd47fc00a2c39e90264f33305004495a9","hash":"d232cc25030538db6d7b406bbaf74fc99f066a6e"}
,"C:\\ProjetoRocket\\dt.money\\dt.money-main\\src\\components\\Header\\index.tsx": {"path":"C:\\ProjetoRocket\\dt.money\\dt.money-main\\src\\components\\Header\\index.tsx","statementMap":{"0":{"start":{"line":9,"column":2},"end":{"line":21,"column":3}}},"fnMap":{"0":{"name":"Header","decl":{"start":{"line":8,"column":16},"end":{"line":8,"column":22}},"loc":{"start":{"line":8,"column":67},"end":{"line":22,"column":1}},"line":8}},"branchMap":{},"s":{"0":2},"f":{"0":2},"b":{},"_coverageSchema":"1a1c01bbd47fc00a2c39e90264f33305004495a9","hash":"85f28bb3dd3427e21824c55b3da9304cbb1840d3"}
,"C:\\ProjetoRocket\\dt.money\\dt.money-main\\src\\components\\Header\\styles.ts": {"path":"C:\\ProjetoRocket\\dt.money\\dt.money-main\\src\\components\\Header\\styles.ts","statementMap":{"0":{"start":{"line":3,"column":25},"end":{"line":5,"column":1}},"1":{"start":{"line":7,"column":23},"end":{"line":33,"column":1}}},"fnMap":{},"branchMap":{},"s":{"0":1,"1":1},"f":{},"b":{},"_coverageSchema":"1a1c01bbd47fc00a2c39e90264f33305004495a9","hash":"d0d711f29375e36eb72dbf14b1fac68dee72d1dc"}
,"C:\\ProjetoRocket\\dt.money\\dt.money-main\\src\\components\\NewTransactionModal\\index.tsx": {"path":"C:\\ProjetoRocket\\dt.money\\dt.money-main\\src\\components\\NewTransactionModal\\index.tsx","statementMap":{"0":{"start":{"line":16,"column":32},"end":{"line":16,"column":49}},"1":{"start":{"line":18,"column":28},"end":{"line":18,"column":40}},"2":{"start":{"line":19,"column":30},"end":{"line":19,"column":41}},"3":{"start":{"line":20,"column":34},"end":{"line":20,"column":46}},"4":{"start":{"line":21,"column":26},"end":{"line":21,"column":45}},"5":{"start":{"line":24,"column":4},"end":{"line":24,"column":27}},"6":{"start":{"line":25,"column":4},"end":{"line":30,"column":6}},"7":{"start":{"line":31,"column":4},"end":{"line":31,"column":17}},"8":{"start":{"line":32,"column":4},"end":{"line":32,"column":17}},"9":{"start":{"line":33,"column":4},"end":{"line":33,"column":20}},"10":{"start":{"line":34,"column":4},"end":{"line":34,"column":22}},"11":{"start":{"line":35,"column":4},"end":{"line":35,"column":21}},"12":{"start":{"line":38,"column":2},"end":{"line":97,"column":3}},"13":{"start":{"line":58,"column":30},"end":{"line":58,"column":58}},"14":{"start":{"line":65,"column":30},"end":{"line":65,"column":67}},"15":{"start":{"line":70,"column":30},"end":{"line":70,"column":48}},"16":{"start":{"line":80,"column":30},"end":{"line":80,"column":49}},"17":{"start":{"line":92,"column":30},"end":{"line":92,"column":61}}},"fnMap":{"0":{"name":"NewTransactionModal","decl":{"start":{"line":14,"column":16},"end":{"line":14,"column":35}},"loc":{"start":{"line":14,"column":90},"end":{"line":98,"column":1}},"line":14},"1":{"name":"handleCreateNewTransaction","decl":{"start":{"line":23,"column":17},"end":{"line":23,"column":43}},"loc":{"start":{"line":23,"column":62},"end":{"line":36,"column":3}},"line":23},"2":{"name":"(anonymous_2)","decl":{"start":{"line":58,"column":21},"end":{"line":58,"column":22}},"loc":{"start":{"line":58,"column":30},"end":{"line":58,"column":58}},"line":58},"3":{"name":"(anonymous_3)","decl":{"start":{"line":65,"column":21},"end":{"line":65,"column":22}},"loc":{"start":{"line":65,"column":30},"end":{"line":65,"column":67}},"line":65},"4":{"name":"(anonymous_4)","decl":{"start":{"line":70,"column":22},"end":{"line":70,"column":23}},"loc":{"start":{"line":70,"column":28},"end":{"line":70,"column":50}},"line":70},"5":{"name":"(anonymous_5)","decl":{"start":{"line":80,"column":22},"end":{"line":80,"column":23}},"loc":{"start":{"line":80,"column":28},"end":{"line":80,"column":51}},"line":80},"6":{"name":"(anonymous_6)","decl":{"start":{"line":92,"column":21},"end":{"line":92,"column":22}},"loc":{"start":{"line":92,"column":30},"end":{"line":92,"column":61}},"line":92}},"branchMap":{},"s":{"0":21,"1":21,"2":21,"3":21,"4":21,"5":2,"6":2,"7":2,"8":2,"9":2,"10":2,"11":2,"12":21,"13":2,"14":2,"15":1,"16":1,"17":2},"f":{"0":21,"1":2,"2":2,"3":2,"4":1,"5":1,"6":2},"b":{},"_coverageSchema":"1a1c01bbd47fc00a2c39e90264f33305004495a9","hash":"cef250031a8fcb1859bea41297c8ded85f5394cb"}
,"C:\\ProjetoRocket\\dt.money\\dt.money-main\\src\\components\\NewTransactionModal\\styles.ts": {"path":"C:\\ProjetoRocket\\dt.money\\dt.money-main\\src\\components\\NewTransactionModal\\styles.ts","statementMap":{"0":{"start":{"line":4,"column":25},"end":{"line":53,"column":1}},"1":{"start":{"line":55,"column":40},"end":{"line":60,"column":1}},"2":{"start":{"line":66,"column":15},"end":{"line":69,"column":1}},"3":{"start":{"line":71,"column":24},"end":{"line":101,"column":1}},"4":{"start":{"line":76,"column":27},"end":{"line":78,"column":17}}},"fnMap":{"0":{"name":"(anonymous_0)","decl":{"start":{"line":76,"column":16},"end":{"line":76,"column":17}},"loc":{"start":{"line":76,"column":27},"end":{"line":78,"column":17}},"line":76}},"branchMap":{"0":{"loc":{"start":{"line":76,"column":27},"end":{"line":78,"column":17}},"type":"cond-expr","locations":[{"start":{"line":77,"column":4},"end":{"line":77,"column":50}},{"start":{"line":78,"column":4},"end":{"line":78,"column":17}}],"line":76}},"s":{"0":1,"1":1,"2":1,"3":1,"4":36},"f":{"0":36},"b":{"0":[18,18]},"_coverageSchema":"1a1c01bbd47fc00a2c39e90264f33305004495a9","hash":"c8586872828a0320e549d1d6739723233e4d953f"}
,"C:\\ProjetoRocket\\dt.money\\dt.money-main\\src\\components\\Summary\\index.tsx": {"path":"C:\\ProjetoRocket\\dt.money\\dt.money-main\\src\\components\\Summary\\index.tsx","statementMap":{"0":{"start":{"line":8,"column":25},"end":{"line":8,"column":42}},"1":{"start":{"line":10,"column":18},"end":{"line":23,"column":4}},"2":{"start":{"line":11,"column":4},"end":{"line":17,"column":5}},"3":{"start":{"line":12,"column":6},"end":{"line":12,"column":41}},"4":{"start":{"line":13,"column":6},"end":{"line":13,"column":38}},"5":{"start":{"line":15,"column":6},"end":{"line":15,"column":42}},"6":{"start":{"line":16,"column":6},"end":{"line":16,"column":38}},"7":{"start":{"line":18,"column":4},"end":{"line":18,"column":15}},"8":{"start":{"line":25,"column":2},"end":{"line":65,"column":3}}},"fnMap":{"0":{"name":"Summary","decl":{"start":{"line":7,"column":16},"end":{"line":7,"column":23}},"loc":{"start":{"line":7,"column":26},"end":{"line":66,"column":1}},"line":7},"1":{"name":"(anonymous_1)","decl":{"start":{"line":10,"column":38},"end":{"line":10,"column":39}},"loc":{"start":{"line":10,"column":60},"end":{"line":19,"column":3}},"line":10}},"branchMap":{"0":{"loc":{"start":{"line":11,"column":4},"end":{"line":17,"column":5}},"type":"if","locations":[{"start":{"line":11,"column":4},"end":{"line":17,"column":5}},{"start":{"line":11,"column":4},"end":{"line":17,"column":5}}],"line":11}},"s":{"0":1,"1":1,"2":2,"3":1,"4":1,"5":1,"6":1,"7":2,"8":1},"f":{"0":1,"1":2},"b":{"0":[1,1]},"_coverageSchema":"1a1c01bbd47fc00a2c39e90264f33305004495a9","hash":"533acff27d0caaa47b5c9f231bdc747e93c57227"}
,"C:\\ProjetoRocket\\dt.money\\dt.money-main\\src\\components\\Summary\\styles.ts": {"path":"C:\\ProjetoRocket\\dt.money\\dt.money-main\\src\\components\\Summary\\styles.ts","statementMap":{"0":{"start":{"line":3,"column":25},"end":{"line":35,"column":1}}},"fnMap":{},"branchMap":{},"s":{"0":1},"f":{},"b":{},"_coverageSchema":"1a1c01bbd47fc00a2c39e90264f33305004495a9","hash":"6d52996f8a6e2613ee929b3ad5e59038a2b57622"}
,"C:\\ProjetoRocket\\dt.money\\dt.money-main\\src\\components\\TransactionTable\\index.tsx": {"path":"C:\\ProjetoRocket\\dt.money\\dt.money-main\\src\\components\\TransactionTable\\index.tsx","statementMap":{"0":{"start":{"line":5,"column":27},"end":{"line":5,"column":44}},"1":{"start":{"line":7,"column":2},"end":{"line":39,"column":3}},"2":{"start":{"line":20,"column":12},"end":{"line":34,"column":17}}},"fnMap":{"0":{"name":"TransactionTable","decl":{"start":{"line":4,"column":16},"end":{"line":4,"column":32}},"loc":{"start":{"line":4,"column":35},"end":{"line":40,"column":1}},"line":4},"1":{"name":"(anonymous_1)","decl":{"start":{"line":19,"column":28},"end":{"line":19,"column":29}},"loc":{"start":{"line":20,"column":12},"end":{"line":34,"column":17}},"line":20}},"branchMap":{},"s":{"0":2,"1":2,"2":4},"f":{"0":2,"1":4},"b":{},"_coverageSchema":"1a1c01bbd47fc00a2c39e90264f33305004495a9","hash":"154a56794b23f4e046bbafc70c24ba7f39b39544"}
,"C:\\ProjetoRocket\\dt.money\\dt.money-main\\src\\components\\TransactionTable\\styles.ts": {"path":"C:\\ProjetoRocket\\dt.money\\dt.money-main\\src\\components\\TransactionTable\\styles.ts","statementMap":{"0":{"start":{"line":3,"column":25},"end":{"line":43,"column":1}}},"fnMap":{},"branchMap":{},"s":{"0":1},"f":{},"b":{},"_coverageSchema":"1a1c01bbd47fc00a2c39e90264f33305004495a9","hash":"724400cdbb01b3883015df2a84f2c575152450a4"}
,"C:\\ProjetoRocket\\dt.money\\dt.money-main\\src\\hooks\\useTransactions.tsx": {"path":"C:\\ProjetoRocket\\dt.money\\dt.money-main\\src\\hooks\\useTransactions.tsx","statementMap":{"0":{"start":{"line":24,"column":28},"end":{"line":26,"column":1}},"1":{"start":{"line":29,"column":42},"end":{"line":29,"column":69}},"2":{"start":{"line":31,"column":2},"end":{"line":34,"column":9}},"3":{"start":{"line":32,"column":4},"end":{"line":33,"column":66}},"4":{"start":{"line":33,"column":22},"end":{"line":33,"column":65}},"5":{"start":{"line":37,"column":21},"end":{"line":40,"column":6}},"6":{"start":{"line":41,"column":28},"end":{"line":41,"column":41}},"7":{"start":{"line":42,"column":4},"end":{"line":45,"column":7}},"8":{"start":{"line":48,"column":2},"end":{"line":52,"column":3}},"9":{"start":{"line":57,"column":18},"end":{"line":57,"column":49}},"10":{"start":{"line":59,"column":2},"end":{"line":59,"column":17}}},"fnMap":{"0":{"name":"TransactionProvider","decl":{"start":{"line":28,"column":16},"end":{"line":28,"column":35}},"loc":{"start":{"line":28,"column":77},"end":{"line":54,"column":1}},"line":28},"1":{"name":"(anonymous_1)","decl":{"start":{"line":31,"column":12},"end":{"line":31,"column":13}},"loc":{"start":{"line":31,"column":18},"end":{"line":34,"column":3}},"line":31},"2":{"name":"(anonymous_2)","decl":{"start":{"line":33,"column":10},"end":{"line":33,"column":11}},"loc":{"start":{"line":33,"column":22},"end":{"line":33,"column":65}},"line":33},"3":{"name":"createTransaction","decl":{"start":{"line":36,"column":17},"end":{"line":36,"column":34}},"loc":{"start":{"line":36,"column":71},"end":{"line":46,"column":3}},"line":36},"4":{"name":"useTransactions","decl":{"start":{"line":56,"column":16},"end":{"line":56,"column":31}},"loc":{"start":{"line":56,"column":34},"end":{"line":60,"column":1}},"line":56}},"branchMap":{},"s":{"0":2,"1":0,"2":0,"3":0,"4":0,"5":0,"6":0,"7":0,"8":0,"9":0,"10":0},"f":{"0":0,"1":0,"2":0,"3":0,"4":0},"b":{},"_coverageSchema":"1a1c01bbd47fc00a2c39e90264f33305004495a9","hash":"6dcd32b3c97fe6c5b3ef56a5738045b6d9e3af05"}
,"C:\\ProjetoRocket\\dt.money\\dt.money-main\\src\\services\\api.ts": {"path":"C:\\ProjetoRocket\\dt.money\\dt.money-main\\src\\services\\api.ts","statementMap":{"0":{"start":{"line":3,"column":19},"end":{"line":5,"column":2}}},"fnMap":{},"branchMap":{},"s":{"0":2},"f":{},"b":{},"_coverageSchema":"1a1c01bbd47fc00a2c39e90264f33305004495a9","hash":"fc5f7ea87eed4557a4975db312d4518d14ff7a6a"}
,"C:\\ProjetoRocket\\dt.money\\dt.money-main\\src\\styles\\global.ts": {"path":"C:\\ProjetoRocket\\dt.money\\dt.money-main\\src\\styles\\global.ts","statementMap":{"0":{"start":{"line":3,"column":27},"end":{"line":94,"column":1}}},"fnMap":{},"branchMap":{},"s":{"0":0},"f":{},"b":{}}
}
