TN:
SF:src\App.tsx
FN:8,App
FN:11,handleOpenNewTransactionModal
FN:15,handleCloseNewTransactionModal
FNF:3
FNH:0
FNDA:0,App
FNDA:0,handleOpenNewTransactionModal
FNDA:0,handleCloseNewTransactionModal
DA:9,0
DA:12,0
DA:16,0
DA:19,0
LF:4
LH:0
BRF:0
BRH:0
end_of_record
TN:
SF:src\index.tsx
FN:11,(anonymous_0)
FN:34,(anonymous_1)
FN:36,(anonymous_2)
FN:40,(anonymous_3)
FNF:4
FNH:0
FNDA:0,(anonymous_0)
FNDA:0,(anonymous_1)
FNDA:0,(anonymous_2)
FNDA:0,(anonymous_3)
DA:6,0
DA:12,0
DA:35,0
DA:36,0
DA:37,0
DA:40,0
DA:41,0
DA:42,0
DA:48,0
LF:9
LH:0
BRF:0
BRH:0
end_of_record
TN:
SF:src\setupTest.ts
FNF:0
FNH:0
LF:0
LH:0
BRF:0
BRH:0
end_of_record
TN:
SF:src\components\Dashboard\index.tsx
FN:5,Dashboard
FNF:1
FNH:1
FNDA:1,Dashboard
DA:6,1
LF:1
LH:1
BRF:0
BRH:0
end_of_record
TN:
SF:src\components\Dashboard\styles.ts
FNF:0
FNH:0
DA:3,1
LF:1
LH:1
BRF:0
BRH:0
end_of_record
TN:
SF:src\components\Header\index.tsx
FN:8,Header
FNF:1
FNH:1
FNDA:2,Header
DA:9,2
LF:1
LH:1
BRF:0
BRH:0
end_of_record
TN:
SF:src\components\Header\styles.ts
FNF:0
FNH:0
DA:3,1
DA:7,1
LF:2
LH:2
BRF:0
BRH:0
end_of_record
TN:
SF:src\components\NewTransactionModal\index.tsx
FN:14,NewTransactionModal
FN:23,handleCreateNewTransaction
FN:58,(anonymous_2)
FN:65,(anonymous_3)
FN:70,(anonymous_4)
FN:80,(anonymous_5)
FN:92,(anonymous_6)
FNF:7
FNH:7
FNDA:21,NewTransactionModal
FNDA:2,handleCreateNewTransaction
FNDA:2,(anonymous_2)
FNDA:2,(anonymous_3)
FNDA:1,(anonymous_4)
FNDA:1,(anonymous_5)
FNDA:2,(anonymous_6)
DA:16,21
DA:18,21
DA:19,21
DA:20,21
DA:21,21
DA:24,2
DA:25,2
DA:31,2
DA:32,2
DA:33,2
DA:34,2
DA:35,2
DA:38,21
DA:58,2
DA:65,2
DA:70,1
DA:80,1
DA:92,2
LF:18
LH:18
BRF:0
BRH:0
end_of_record
TN:
SF:src\components\NewTransactionModal\styles.ts
FN:76,(anonymous_0)
FNF:1
FNH:1
FNDA:36,(anonymous_0)
DA:4,1
DA:55,1
DA:66,1
DA:71,1
DA:76,36
LF:5
LH:5
BRDA:76,0,0,18
BRDA:76,0,1,18
BRF:2
BRH:2
end_of_record
TN:
SF:src\components\Summary\index.tsx
FN:7,Summary
FN:10,(anonymous_1)
FNF:2
FNH:2
FNDA:1,Summary
FNDA:2,(anonymous_1)
DA:8,1
DA:10,1
DA:11,2
DA:12,1
DA:13,1
DA:15,1
DA:16,1
DA:18,2
DA:25,1
LF:9
LH:9
BRDA:11,0,0,1
BRDA:11,0,1,1
BRF:2
BRH:2
end_of_record
TN:
SF:src\components\Summary\styles.ts
FNF:0
FNH:0
DA:3,1
LF:1
LH:1
BRF:0
BRH:0
end_of_record
TN:
SF:src\components\TransactionTable\index.tsx
FN:4,TransactionTable
FN:19,(anonymous_1)
FNF:2
FNH:2
FNDA:2,TransactionTable
FNDA:4,(anonymous_1)
DA:5,2
DA:7,2
DA:20,4
LF:3
LH:3
BRF:0
BRH:0
end_of_record
TN:
SF:src\components\TransactionTable\styles.ts
FNF:0
FNH:0
DA:3,1
LF:1
LH:1
BRF:0
BRH:0
end_of_record
TN:
SF:src\hooks\useTransactions.tsx
FN:28,TransactionProvider
FN:31,(anonymous_1)
FN:33,(anonymous_2)
FN:36,createTransaction
FN:56,useTransactions
FNF:5
FNH:0
FNDA:0,TransactionProvider
FNDA:0,(anonymous_1)
FNDA:0,(anonymous_2)
FNDA:0,createTransaction
FNDA:0,useTransactions
DA:24,2
DA:29,0
DA:31,0
DA:32,0
DA:33,0
DA:37,0
DA:41,0
DA:42,0
DA:48,0
DA:57,0
DA:59,0
LF:11
LH:1
BRF:0
BRH:0
end_of_record
TN:
SF:src\services\api.ts
FNF:0
FNH:0
DA:3,2
LF:1
LH:1
BRF:0
BRH:0
end_of_record
TN:
SF:src\styles\global.ts
FNF:0
FNH:0
DA:3,0
LF:1
LH:0
BRF:0
BRH:0
end_of_record
